<?xml version="1.0" encoding="UTF-8"?>
<testsuites name="jest tests" tests="1" failures="0" errors="0" time="3.292">
  <testsuite name="CardHalloween" errors="0" failures="0" skipped="0" timestamp="2025-01-04T09:29:47" time="1.904" tests="1">
    <testcase classname="CardHalloween should render without crashing" name="CardHalloween should render without crashing" time="0.284">
    </testcase>
  </testsuite>
</testsuites>